<?xml version="1.0" encoding="UTF-8"?>
<testng-results skipped="0" failed="0" ignored="0" total="2" passed="2">
  <reporter-output>
  </reporter-output>
  <suite name="Suite" duration-ms="78622" started-at="2020-02-11T14:42:41 CET" finished-at="2020-02-11T14:43:59 CET">
    <groups>
    </groups>
    <test name="Test" duration-ms="78622" started-at="2020-02-11T14:42:41 CET" finished-at="2020-02-11T14:43:59 CET">
      <class name="endava.EndavaUniversityHomePage">
        <test-method status="PASS" signature="initialize()[pri:0, instance:endava.EndavaUniversityHomePage@45d84a20]" name="initialize" is-config="true" duration-ms="3434" started-at="2020-02-11T14:42:41 CET" finished-at="2020-02-11T14:42:44 CET">
          <reporter-output>
          </reporter-output>
        </test-method> <!-- initialize -->
        <test-method status="PASS" signature="startPageNavigation(java.lang.String, java.lang.String)[pri:0, instance:endava.EndavaUniversityHomePage@45d84a20]" name="startPageNavigation" duration-ms="36199" started-at="2020-02-11T14:42:44 CET" data-provider="getData" finished-at="2020-02-11T14:43:20 CET">
          <params>
            <param index="0">
              <value>
                <![CDATA[sanja.miladinovic]]>
              </value>
            </param>
            <param index="1">
              <value>
                <![CDATA[8@7Marker8@7]]>
              </value>
            </param>
          </params>
          <reporter-output>
          </reporter-output>
        </test-method> <!-- startPageNavigation -->
        <test-method status="PASS" signature="initialize()[pri:0, instance:endava.EndavaUniversityHomePage@45d84a20]" name="initialize" is-config="true" duration-ms="2566" started-at="2020-02-11T14:43:20 CET" finished-at="2020-02-11T14:43:23 CET">
          <reporter-output>
          </reporter-output>
        </test-method> <!-- initialize -->
        <test-method status="PASS" signature="startPageNavigation(java.lang.String, java.lang.String)[pri:0, instance:endava.EndavaUniversityHomePage@45d84a20]" name="startPageNavigation" duration-ms="34080" started-at="2020-02-11T14:43:23 CET" data-provider="getData" finished-at="2020-02-11T14:43:57 CET">
          <params>
            <param index="0">
              <value>
                <![CDATA[sanja.miladinovic]]>
              </value>
            </param>
            <param index="1">
              <value>
                <![CDATA[8@7Marker8@7]]>
              </value>
            </param>
          </params>
          <reporter-output>
          </reporter-output>
        </test-method> <!-- startPageNavigation -->
        <test-method status="PASS" signature="tesrdown()[pri:0, instance:endava.EndavaUniversityHomePage@45d84a20]" name="tesrdown" is-config="true" duration-ms="2316" started-at="2020-02-11T14:43:57 CET" finished-at="2020-02-11T14:43:59 CET">
          <reporter-output>
          </reporter-output>
        </test-method> <!-- tesrdown -->
      </class> <!-- endava.EndavaUniversityHomePage -->
    </test> <!-- Test -->
  </suite> <!-- Suite -->
</testng-results>
